<?xml version="1.0" encoding="UTF-8"?>
<!-- Generated by org.testng.reporters.JUnitReportReporter -->
<testsuite hostname="Jasprit" failures="0" tests="1" name="mypackage.Register" time="6.075" errors="0" timestamp="2024-07-15T19:01:46 IST" skipped="0">
  <testcase classname="mypackage.Register" name="main" time="6.075"/>
</testsuite> <!-- mypackage.Register -->
