<?xml version="1.0" encoding="UTF-8"?>
<!-- Generated by org.testng.reporters.JUnitReportReporter -->
<testsuite hostname="Jasprit" failures="0" tests="1" name="mypackage.First" time="0.018" errors="0" timestamp="2024-07-15T18:14:35 IST" skipped="0">
  <testcase classname="mypackage.First" name="get" time="0.018"/>
</testsuite> <!-- mypackage.First -->
